<?xml version="1.0" encoding="UTF-8"?>
<!-- Generated by org.testng.reporters.JUnitReportReporter -->
<testsuite hostname="LTIN488190" failures="0" tests="1" name="testCases.testcase1" time="23.690" errors="0" timestamp="2024-04-02T17:36:33 IST" skipped="0">
  <testcase classname="testCases.testcase1" name="test" time="23.690"/>
</testsuite> <!-- testCases.testcase1 -->
